narg: 8
numInpKeys: 7
Simulating random circuit with params:
platform:	Cluster
framework:	mul_node
filename:	mul_Data
numThreads:	1
circuitDepth:	100
numQubits:	15
numRepetitions:	100
randomSeed:	8171550978220620633
sh: vmmap: command not found
dur: 0.119435s, error: 7e-14,  realMem: 0b (peak: 0b), virtMem: 0b (peak: 0b)
sh: vmmap: command not found
dur: 0.074703s, error: 7e-14,  realMem: 0b (peak: 0b), virtMem: 0b (peak: 0b)
sh: vmmap: command not found
dur: 0.064163s, error: 7e-14,  realMem: 0b (peak: 0b), virtMem: 0b (peak: 0b)
sh: vmmap: command not found
dur: 0.074580s, error: 7e-14,  realMem: 0b (peak: 0b), virtMem: 0b (peak: 0b)
sh: vmmap: command not found
dur: 0.067855s, error: 7e-14,  realMem: 0b (peak: 0b), virtMem: 0b (peak: 0b)
sh: vmmap: command not found
dur: 0.068436s, error: 7e-14,  realMem: 0b (peak: 0b), virtMem: 0b (peak: 0b)
sh: vmmap: command not found
dur: 0.064055s, error: 7e-14,  realMem: 0b (peak: 0b), virtMem: 0b (peak: 0b)
sh: vmmap: command not found
dur: 0.063261s, error: 7e-14,  realMem: 0b (peak: 0b), virtMem: 0b (peak: 0b)
sh: vmmap: command not found
dur: 0.068282s, error: 7e-14,  realMem: 0b (peak: 0b), virtMem: 0b (peak: 0b)
sh: vmmap: command not found
dur: 0.068085s, error: 7e-14,  realMem: 0b (peak: 0b), virtMem: 0b (peak: 0b)
sh: vmmap: command not found
dur: 0.065104s, error: 7e-14,  realMem: 0b (peak: 0b), virtMem: 0b (peak: 0b)
sh: vmmap: command not found
dur: 0.068880s, error: 7e-14,  realMem: 0b (peak: 0b), virtMem: 0b (peak: 0b)
sh: vmmap: command not found
dur: 0.068831s, error: 7e-14,  realMem: 0b (peak: 0b), virtMem: 0b (peak: 0b)
sh: vmmap: command not found
dur: 0.070460s, error: 7e-14,  realMem: 0b (peak: 0b), virtMem: 0b (peak: 0b)
sh: vmmap: command not found
dur: 0.062473s, error: 7e-14,  realMem: 0b (peak: 0b), virtMem: 0b (peak: 0b)
sh: vmmap: command not found
dur: 0.070718s, error: 7e-14,  realMem: 0b (peak: 0b), virtMem: 0b (peak: 0b)
sh: vmmap: command not found
dur: 0.070887s, error: 7e-14,  realMem: 0b (peak: 0b), virtMem: 0b (peak: 0b)
sh: vmmap: command not found
dur: 0.065451s, error: 7e-14,  realMem: 0b (peak: 0b), virtMem: 0b (peak: 0b)
sh: vmmap: command not found
dur: 0.072645s, error: 7e-14,  realMem: 0b (peak: 0b), virtMem: 0b (peak: 0b)
sh: vmmap: command not found
dur: 0.079102s, error: 7e-14,  realMem: 0b (peak: 0b), virtMem: 0b (peak: 0b)
sh: vmmap: command not found
dur: 0.063297s, error: 7e-14,  realMem: 0b (peak: 0b), virtMem: 0b (peak: 0b)
sh: vmmap: command not found
dur: 0.072268s, error: 7e-14,  realMem: 0b (peak: 0b), virtMem: 0b (peak: 0b)
sh: vmmap: command not found
dur: 0.069804s, error: 7e-14,  realMem: 0b (peak: 0b), virtMem: 0b (peak: 0b)
sh: vmmap: command not found
dur: 0.064666s, error: 7e-14,  realMem: 0b (peak: 0b), virtMem: 0b (peak: 0b)
sh: vmmap: command not found
dur: 0.069600s, error: 7e-14,  realMem: 0b (peak: 0b), virtMem: 0b (peak: 0b)
sh: vmmap: command not found
dur: 0.067411s, error: 7e-14,  realMem: 0b (peak: 0b), virtMem: 0b (peak: 0b)
sh: vmmap: command not found
dur: 0.065162s, error: 7e-14,  realMem: 0b (peak: 0b), virtMem: 0b (peak: 0b)
sh: vmmap: command not found
dur: 0.080527s, error: 7e-14,  realMem: 0b (peak: 0b), virtMem: 0b (peak: 0b)
sh: vmmap: command not found
dur: 0.063916s, error: 7e-14,  realMem: 0b (peak: 0b), virtMem: 0b (peak: 0b)
sh: vmmap: command not found
dur: 0.067060s, error: 7e-14,  realMem: 0b (peak: 0b), virtMem: 0b (peak: 0b)
sh: vmmap: command not found
dur: 0.073099s, error: 7e-14,  realMem: 0b (peak: 0b), virtMem: 0b (peak: 0b)
sh: vmmap: command not found
dur: 0.067519s, error: 7e-14,  realMem: 0b (peak: 0b), virtMem: 0b (peak: 0b)
sh: vmmap: command not found
dur: 0.067992s, error: 7e-14,  realMem: 0b (peak: 0b), virtMem: 0b (peak: 0b)
sh: vmmap: command not found
dur: 0.071916s, error: 7e-14,  realMem: 0b (peak: 0b), virtMem: 0b (peak: 0b)
sh: vmmap: command not found
dur: 0.068606s, error: 7e-14,  realMem: 0b (peak: 0b), virtMem: 0b (peak: 0b)
sh: vmmap: command not found
dur: 0.071866s, error: 7e-14,  realMem: 0b (peak: 0b), virtMem: 0b (peak: 0b)
sh: vmmap: command not found
dur: 0.064517s, error: 7e-14,  realMem: 0b (peak: 0b), virtMem: 0b (peak: 0b)
sh: vmmap: command not found
dur: 0.070627s, error: 7e-14,  realMem: 0b (peak: 0b), virtMem: 0b (peak: 0b)
sh: vmmap: command not found
dur: 0.068297s, error: 7e-14,  realMem: 0b (peak: 0b), virtMem: 0b (peak: 0b)
sh: vmmap: command not found
dur: 0.070265s, error: 7e-14,  realMem: 0b (peak: 0b), virtMem: 0b (peak: 0b)
sh: vmmap: command not found
dur: 0.069326s, error: 7e-14,  realMem: 0b (peak: 0b), virtMem: 0b (peak: 0b)
sh: vmmap: command not found
dur: 0.070203s, error: 7e-14,  realMem: 0b (peak: 0b), virtMem: 0b (peak: 0b)
sh: vmmap: command not found
dur: 0.062488s, error: 7e-14,  realMem: 0b (peak: 0b), virtMem: 0b (peak: 0b)
sh: vmmap: command not found
dur: 0.066150s, error: 7e-14,  realMem: 0b (peak: 0b), virtMem: 0b (peak: 0b)
sh: vmmap: command not found
dur: 0.073144s, error: 7e-14,  realMem: 0b (peak: 0b), virtMem: 0b (peak: 0b)
sh: vmmap: command not found
dur: 0.071767s, error: 7e-14,  realMem: 0b (peak: 0b), virtMem: 0b (peak: 0b)
sh: vmmap: command not found
dur: 0.063962s, error: 7e-14,  realMem: 0b (peak: 0b), virtMem: 0b (peak: 0b)
sh: vmmap: command not found
dur: 0.070838s, error: 7e-14,  realMem: 0b (peak: 0b), virtMem: 0b (peak: 0b)
sh: vmmap: command not found
dur: 0.066051s, error: 7e-14,  realMem: 0b (peak: 0b), virtMem: 0b (peak: 0b)
sh: vmmap: command not found
dur: 0.067819s, error: 7e-14,  realMem: 0b (peak: 0b), virtMem: 0b (peak: 0b)
sh: vmmap: command not found
dur: 0.065226s, error: 7e-14,  realMem: 0b (peak: 0b), virtMem: 0b (peak: 0b)
sh: vmmap: command not found
dur: 0.075802s, error: 7e-14,  realMem: 0b (peak: 0b), virtMem: 0b (peak: 0b)
sh: vmmap: command not found
dur: 0.069399s, error: 7e-14,  realMem: 0b (peak: 0b), virtMem: 0b (peak: 0b)
sh: vmmap: command not found
dur: 0.078032s, error: 7e-14,  realMem: 0b (peak: 0b), virtMem: 0b (peak: 0b)
sh: vmmap: command not found
dur: 0.065127s, error: 7e-14,  realMem: 0b (peak: 0b), virtMem: 0b (peak: 0b)
sh: vmmap: command not found
dur: 0.075772s, error: 7e-14,  realMem: 0b (peak: 0b), virtMem: 0b (peak: 0b)
sh: vmmap: command not found
dur: 0.063183s, error: 7e-14,  realMem: 0b (peak: 0b), virtMem: 0b (peak: 0b)
sh: vmmap: command not found
dur: 0.066733s, error: 7e-14,  realMem: 0b (peak: 0b), virtMem: 0b (peak: 0b)
sh: vmmap: command not found
dur: 0.066803s, error: 7e-14,  realMem: 0b (peak: 0b), virtMem: 0b (peak: 0b)
sh: vmmap: command not found
dur: 0.065885s, error: 7e-14,  realMem: 0b (peak: 0b), virtMem: 0b (peak: 0b)
sh: vmmap: command not found
dur: 0.065346s, error: 7e-14,  realMem: 0b (peak: 0b), virtMem: 0b (peak: 0b)
sh: vmmap: command not found
dur: 0.070759s, error: 7e-14,  realMem: 0b (peak: 0b), virtMem: 0b (peak: 0b)
sh: vmmap: command not found
dur: 0.066087s, error: 7e-14,  realMem: 0b (peak: 0b), virtMem: 0b (peak: 0b)
sh: vmmap: command not found
dur: 0.069119s, error: 7e-14,  realMem: 0b (peak: 0b), virtMem: 0b (peak: 0b)
sh: vmmap: command not found
dur: 0.069415s, error: 7e-14,  realMem: 0b (peak: 0b), virtMem: 0b (peak: 0b)
sh: vmmap: command not found
dur: 0.069993s, error: 7e-14,  realMem: 0b (peak: 0b), virtMem: 0b (peak: 0b)
sh: vmmap: command not found
dur: 0.067243s, error: 7e-14,  realMem: 0b (peak: 0b), virtMem: 0b (peak: 0b)
sh: vmmap: command not found
dur: 0.078391s, error: 7e-14,  realMem: 0b (peak: 0b), virtMem: 0b (peak: 0b)
sh: vmmap: command not found
dur: 0.063567s, error: 7e-14,  realMem: 0b (peak: 0b), virtMem: 0b (peak: 0b)
sh: vmmap: command not found
dur: 0.068583s, error: 7e-14,  realMem: 0b (peak: 0b), virtMem: 0b (peak: 0b)
sh: vmmap: command not found
dur: 0.070531s, error: 7e-14,  realMem: 0b (peak: 0b), virtMem: 0b (peak: 0b)
sh: vmmap: command not found
dur: 0.074332s, error: 7e-14,  realMem: 0b (peak: 0b), virtMem: 0b (peak: 0b)
sh: vmmap: command not found
dur: 0.072191s, error: 7e-14,  realMem: 0b (peak: 0b), virtMem: 0b (peak: 0b)
sh: vmmap: command not found
dur: 0.072927s, error: 7e-14,  realMem: 0b (peak: 0b), virtMem: 0b (peak: 0b)
sh: vmmap: command not found
dur: 0.066202s, error: 7e-14,  realMem: 0b (peak: 0b), virtMem: 0b (peak: 0b)
sh: vmmap: command not found
dur: 0.063649s, error: 7e-14,  realMem: 0b (peak: 0b), virtMem: 0b (peak: 0b)
sh: vmmap: command not found
dur: 0.067175s, error: 7e-14,  realMem: 0b (peak: 0b), virtMem: 0b (peak: 0b)
sh: vmmap: command not found
dur: 0.069181s, error: 7e-14,  realMem: 0b (peak: 0b), virtMem: 0b (peak: 0b)
sh: vmmap: command not found
dur: 0.067028s, error: 7e-14,  realMem: 0b (peak: 0b), virtMem: 0b (peak: 0b)
sh: vmmap: command not found
dur: 0.067481s, error: 7e-14,  realMem: 0b (peak: 0b), virtMem: 0b (peak: 0b)
sh: vmmap: command not found
dur: 0.068956s, error: 7e-14,  realMem: 0b (peak: 0b), virtMem: 0b (peak: 0b)
sh: vmmap: command not found
dur: 0.069863s, error: 7e-14,  realMem: 0b (peak: 0b), virtMem: 0b (peak: 0b)
sh: vmmap: command not found
dur: 0.072629s, error: 7e-14,  realMem: 0b (peak: 0b), virtMem: 0b (peak: 0b)
sh: vmmap: command not found
dur: 0.065637s, error: 7e-14,  realMem: 0b (peak: 0b), virtMem: 0b (peak: 0b)
sh: vmmap: command not found
dur: 0.067654s, error: 7e-14,  realMem: 0b (peak: 0b), virtMem: 0b (peak: 0b)
sh: vmmap: command not found
dur: 0.073345s, error: 7e-14,  realMem: 0b (peak: 0b), virtMem: 0b (peak: 0b)
sh: vmmap: command not found
dur: 0.066190s, error: 7e-14,  realMem: 0b (peak: 0b), virtMem: 0b (peak: 0b)
sh: vmmap: command not found
dur: 0.074069s, error: 7e-14,  realMem: 0b (peak: 0b), virtMem: 0b (peak: 0b)
sh: vmmap: command not found
dur: 0.065300s, error: 7e-14,  realMem: 0b (peak: 0b), virtMem: 0b (peak: 0b)
sh: vmmap: command not found
dur: 0.065968s, error: 7e-14,  realMem: 0b (peak: 0b), virtMem: 0b (peak: 0b)
sh: vmmap: command not found
dur: 0.063610s, error: 7e-14,  realMem: 0b (peak: 0b), virtMem: 0b (peak: 0b)
sh: vmmap: command not found
dur: 0.065649s, error: 7e-14,  realMem: 0b (peak: 0b), virtMem: 0b (peak: 0b)
sh: vmmap: command not found
dur: 0.069428s, error: 7e-14,  realMem: 0b (peak: 0b), virtMem: 0b (peak: 0b)
sh: vmmap: command not found
dur: 0.076523s, error: 7e-14,  realMem: 0b (peak: 0b), virtMem: 0b (peak: 0b)
sh: vmmap: command not found
dur: 0.072469s, error: 7e-14,  realMem: 0b (peak: 0b), virtMem: 0b (peak: 0b)
sh: vmmap: command not found
dur: 0.071418s, error: 7e-14,  realMem: 0b (peak: 0b), virtMem: 0b (peak: 0b)
sh: vmmap: command not found
dur: 0.067771s, error: 7e-14,  realMem: 0b (peak: 0b), virtMem: 0b (peak: 0b)
sh: vmmap: command not found
dur: 0.068232s, error: 7e-14,  realMem: 0b (peak: 0b), virtMem: 0b (peak: 0b)
sh: vmmap: command not found
dur: 0.066605s, error: 7e-14,  realMem: 0b (peak: 0b), virtMem: 0b (peak: 0b)
sh: vmmap: command not found
dur: 0.066807s, error: 7e-14,  realMem: 0b (peak: 0b), virtMem: 0b (peak: 0b)
